2025-09-28T12:54:48.488Z [my-label] info: Navigated to https://opensource-demo.orangehrmlive.com/web/index.php/auth/login)
2025-09-28T12:54:50.335Z [my-label] info: Login form is visible now
2025-09-28T12:54:52.086Z [my-label] info: Username entered: Admin
2025-09-28T12:54:54.717Z [my-label] info: Password entered: admin123
2025-09-28T12:54:56.898Z [my-label] info: Login button clicked
2025-09-28T12:54:58.275Z [my-label] info: Home page is loaded successfully
2025-09-28T12:54:58.285Z [my-label] info: Checked for profile picture visibility
2025-09-28T12:58:29.314Z [my-label] info: Navigated to https://opensource-demo.orangehrmlive.com/web/index.php/auth/login)
2025-09-28T12:58:34.261Z [my-label] info: Login form is visible now
2025-09-28T12:58:35.670Z [my-label] info: Username entered: Admin
2025-09-28T12:58:37.634Z [my-label] info: Password entered: admin123
2025-09-28T12:58:39.380Z [my-label] info: Navigated to https://opensource-demo.orangehrmlive.com/web/index.php/auth/login)
2025-09-28T12:58:41.574Z [my-label] info: Login button clicked
2025-09-28T12:58:42.278Z [my-label] info: Home page is loaded successfully
2025-09-28T12:58:42.294Z [my-label] info: Checked for profile picture visibility
2025-09-28T12:58:43.513Z [my-label] info: Login form is visible now
2025-09-28T12:58:45.262Z [my-label] info: Username entered: Admin
2025-09-28T12:59:52.211Z [my-label] info: Navigated to https://opensource-demo.orangehrmlive.com/web/index.php/auth/login)
2025-09-28T12:59:56.711Z [my-label] info: Login form is visible now
2025-09-28T12:59:58.067Z [my-label] info: Username entered: Admin
2025-09-28T13:00:36.517Z [my-label] info: Navigated to https://opensource-demo.orangehrmlive.com/web/index.php/auth/login)
2025-09-28T13:00:41.046Z [my-label] info: Login form is visible now
2025-09-28T13:00:42.424Z [my-label] info: Username entered: Admin
2025-09-28T13:00:44.428Z [my-label] info: Password entered: admin123
2025-09-28T13:00:46.729Z [my-label] info: Login button clicked
2025-09-28T13:00:47.334Z [my-label] info: Home page is loaded successfully
2025-09-28T13:00:47.346Z [my-label] info: Checked for profile picture visibility
2025-09-28T13:05:03.689Z [my-label] info: Navigated to https://opensource-demo.orangehrmlive.com/web/index.php/auth/login)
2025-09-28T13:05:06.157Z [my-label] info: Login form is visible now
2025-09-28T13:05:07.534Z [my-label] info: Username entered: Admin
2025-09-28T13:05:09.485Z [my-label] info: Password entered: admin123
2025-09-28T13:05:10.908Z [my-label] info: Login button clicked
2025-09-28T13:05:11.510Z [my-label] info: Home page is loaded successfully
2025-09-28T13:05:11.519Z [my-label] info: Checked for profile picture visibility
2025-09-28T13:11:57.533Z [my-label] info: Navigated to https://opensource-demo.orangehrmlive.com/web/index.php/auth/login)
2025-09-28T13:11:59.696Z [my-label] info: Login form is visible now
2025-09-28T13:12:01.080Z [my-label] info: Username entered: Admin
2025-09-28T13:12:03.047Z [my-label] info: Password entered: admin123
2025-09-28T13:12:03.365Z [my-label] info: Login button clicked
2025-09-28T13:12:05.525Z [my-label] info: Home page is loaded successfully
2025-09-28T13:12:05.536Z [my-label] info: Checked for profile picture visibility
2025-09-28T13:12:11.425Z [my-label] info: Logged out from OrangeHRM
2025-09-28T13:12:11.440Z [my-label] info: Checked for profile picture visibility
2025-09-28T13:30:49.735Z [my-label] info: Navigated to https://opensource-demo.orangehrmlive.com/web/index.php/auth/login)
2025-09-28T13:31:14.007Z [my-label] info: Navigated to https://opensource-demo.orangehrmlive.com/web/index.php/auth/login)
2025-09-28T13:31:17.639Z [my-label] info: Login form is now visible
2025-09-28T13:31:19.223Z [my-label] info: Username entered
2025-09-28T13:31:21.297Z [my-label] info: Password entered
2025-09-28T13:31:28.383Z [my-label] error: Error clicking login button: Error: locator.click: Target page, context or browser has been closed
2025-09-28T13:33:39.765Z [my-label] info: Navigated to https://opensource-demo.orangehrmlive.com/web/index.php/auth/login)
2025-09-28T13:33:41.838Z [my-label] info: Login form is now visible
2025-09-28T13:33:43.313Z [my-label] info: Username entered
2025-09-28T13:33:45.422Z [my-label] info: Password entered
2025-09-28T13:33:47.096Z [my-label] info: Login button clicked
2025-09-28T13:33:47.097Z [my-label] info: Logged in to orangeHRM with username: Admin
2025-09-28T13:33:48.337Z [my-label] info: Home page is loaded successfully
2025-09-28T13:33:48.343Z [my-label] info: Checked for profile picture visibility
2025-09-28T13:33:49.977Z [my-label] info: User dropdown icon clicked
2025-09-28T13:36:17.553Z [my-label] info: Navigated to https://opensource-demo.orangehrmlive.com/web/index.php/auth/login)
2025-09-28T13:36:20.859Z [my-label] info: Login form is now visible
2025-09-28T13:36:22.237Z [my-label] info: Username entered
2025-09-28T13:36:24.203Z [my-label] info: Password entered
2025-09-28T13:36:25.873Z [my-label] info: Login button clicked
2025-09-28T13:36:25.874Z [my-label] info: Logged in to orangeHRM with username: Admin
2025-09-28T13:36:26.438Z [my-label] info: Home page is loaded successfully
2025-09-28T13:36:26.445Z [my-label] info: Checked for profile picture visibility
2025-09-28T13:36:28.001Z [my-label] info: User dropdown icon clicked
2025-09-28T13:36:31.379Z [my-label] info: Logout link clicked
2025-09-28T13:36:32.397Z [my-label] info: Logged out from OrangeHRM
2025-09-28T13:36:32.407Z [my-label] info: Checked for profile picture visibility
2025-09-28T13:36:32.471Z [my-label] info: Checked for login form visibility
2025-09-28T13:36:58.050Z [my-label] info: Navigated to https://opensource-demo.orangehrmlive.com/web/index.php/auth/login)
2025-09-28T13:37:04.342Z [my-label] info: Login form is now visible
2025-09-28T13:37:05.840Z [my-label] info: Username entered
2025-09-28T13:37:27.511Z [my-label] info: Navigated to https://opensource-demo.orangehrmlive.com/web/index.php/auth/login)
2025-09-28T13:37:32.057Z [my-label] info: Login form is now visible
2025-09-28T13:37:33.494Z [my-label] info: Username entered
2025-09-28T13:37:35.523Z [my-label] info: Password entered
2025-09-28T13:37:36.067Z [my-label] info: Login button clicked
2025-09-28T13:37:36.067Z [my-label] info: Logged in to orangeHRM with username: Admin
2025-09-28T13:37:38.087Z [my-label] info: Home page is loaded successfully
2025-09-28T13:37:38.096Z [my-label] info: Checked for profile picture visibility
2025-09-28T13:37:40.919Z [my-label] info: User dropdown icon clicked
2025-09-28T13:42:02.348Z [my-label] info: Navigated to https://opensource-demo.orangehrmlive.com/web/index.php/auth/login)
2025-09-28T13:42:09.554Z [my-label] info: Login form is now visible
2025-09-28T13:42:32.382Z [my-label] info: Navigated to https://opensource-demo.orangehrmlive.com/web/index.php/auth/login)
2025-09-28T13:42:38.162Z [my-label] info: Login form is now visible
2025-09-28T13:42:39.614Z [my-label] info: Username entered
2025-09-28T13:42:41.683Z [my-label] info: Password entered
2025-09-28T13:42:43.281Z [my-label] info: Login button clicked
2025-09-28T13:42:43.284Z [my-label] info: Logged in to orangeHRM with username: Admin
2025-09-28T13:42:44.590Z [my-label] info: Home page is loaded successfully
2025-09-28T13:42:44.598Z [my-label] info: Checked for profile picture visibility
2025-09-28T13:43:02.649Z [my-label] info: Navigated to https://opensource-demo.orangehrmlive.com/web/index.php/auth/login)
2025-09-28T13:43:11.535Z [my-label] info: Login form is now visible
2025-09-28T13:43:12.968Z [my-label] info: Username entered
2025-09-28T13:43:15.023Z [my-label] info: Password entered
2025-09-28T13:43:16.683Z [my-label] info: Login button clicked
2025-09-28T13:43:16.685Z [my-label] info: Logged in to orangeHRM with username: Admin
2025-09-28T13:43:17.780Z [my-label] info: Home page is loaded successfully
2025-09-28T13:43:17.786Z [my-label] info: Checked for profile picture visibility
2025-09-28T13:43:19.895Z [my-label] error: Error clicking user dropdown icon: Error: locator.click: Test timeout of 30000ms exceeded.
Call log:
[2m  - waiting for locator('//i[contains(@class, "userdropdown-icon")]')[22m
[2m    - locator resolved to <i data-v-bddebfba="" data-v-bdd6d943="" class="oxd-icon bi-caret-down-fill oxd-userdropdown-icon"></i>[22m

2025-09-28T13:46:29.850Z [my-label] info: Navigated to https://opensource-demo.orangehrmlive.com/web/index.php/auth/login)
2025-09-28T13:47:29.338Z [my-label] info: Navigated to https://opensource-demo.orangehrmlive.com/web/index.php/auth/login)
2025-09-28T13:47:31.410Z [my-label] info: Login form is now visible
2025-09-28T13:47:32.808Z [my-label] info: Username entered
2025-09-28T13:47:34.901Z [my-label] info: Password entered
2025-09-28T13:47:35.429Z [my-label] info: Login button clicked
2025-09-28T13:47:35.431Z [my-label] info: Logged in to orangeHRM with username: Admin
2025-09-28T13:47:37.367Z [my-label] info: Home page is loaded successfully
2025-09-28T13:47:37.374Z [my-label] info: Checked for profile picture visibility
2025-09-28T13:47:39.762Z [my-label] error: Error clicking user dropdown icon: Error: locator.click: Test timeout of 30000ms exceeded.
Call log:
[2m  - waiting for locator('//i[contains(@class, "userdropdown-icon")]')[22m
[2m    - locator resolved to <i data-v-bddebfba="" data-v-bdd6d943="" class="oxd-icon bi-caret-down-fill oxd-userdropdown-icon"></i>[22m
[2m  - attempting click action[22m
[2m    - waiting for element to be visible, enabled and stable[22m

